<?xml version="1.0" encoding="UTF-8"?>
<testsuite xmlns:xsi="http://www.w3.org/2001/XMLSchema-instance" xsi:noNamespaceSchemaLocation="https://maven.apache.org/surefire/maven-surefire-plugin/xsd/surefire-test-report-3.0.xsd" version="3.0" name="com.example.employee_management.EmployeeManagementApplicationTests" time="10.044" tests="1" errors="0" skipped="0" failures="0">
  <properties>
[...]
</properties>
  <testcase name="contextLoads" classname="com.example.employee_management.EmployeeManagementApplicationTests" time="0.92">
    <system-out><![CDATA[09:33:48.473 [main] INFO org.springframework.test.context.support.AnnotationConfigContextLoaderUtils -- Could not detect default configuration classes for test class [com.example.employee_management.EmployeeManagementApplicationTests]: EmployeeManagementApplicationTests does not declare any static, non-private, non-final, nested classes annotated with @Configuration.
09:33:48.685 [main] INFO org.springframework.boot.test.context.SpringBootTestContextBootstrapper -- Found @SpringBootConfiguration com.example.employee_management.EmployeeManagementApplication for test class com.example.employee_management.EmployeeManagementApplicationTests
  .   ____          _            __ _ _
 /\\ / ___'_ __ _ _(_)_ __  __ _ \ \ \ \
( ( )\___ | '_ | '_| | '_ \/ _` | \ \ \ \
 \\/  ___)| |_)| | | | | || (_| |  ) ) ) )
  '  |____| .__|_| |_|_| |_\__, | / / / /
 =========|_|==============|___/=/_/_/_/

 :: Spring Boot ::                (v3.3.0)

2025-07-06T09:33:49.540+05:30  INFO 5636 --- [employee-management] [           main] c.e.e.EmployeeManagementApplicationTests : Starting EmployeeManagementApplicationTests using Java 17.0.14 with PID 5636 (started by Sabarna in C:\Users\Sabarna\Downloads\employee-management\employee-management)
2025-07-06T09:33:49.543+05:30  INFO 5636 --- [employee-management] [           main] c.e.e.EmployeeManagementApplicationTests : No active profile set, falling back to 1 default profile: "default"
2025-07-06T09:33:50.789+05:30  INFO 5636 --- [employee-management] [           main] .s.d.r.c.RepositoryConfigurationDelegate : Bootstrapping Spring Data JPA repositories in DEFAULT mode.
2025-07-06T09:33:50.916+05:30  INFO 5636 --- [employee-management] [           main] .s.d.r.c.RepositoryConfigurationDelegate : Finished Spring Data repository scanning in 111 ms. Found 2 JPA repository interfaces.
2025-07-06T09:33:51.787+05:30  INFO 5636 --- [employee-management] [           main] o.hibernate.jpa.internal.util.LogHelper  : HHH000204: Processing PersistenceUnitInfo [name: default]
2025-07-06T09:33:51.915+05:30  INFO 5636 --- [employee-management] [           main] org.hibernate.Version                    : HHH000412: Hibernate ORM core version 6.5.2.Final
2025-07-06T09:33:52.006+05:30  INFO 5636 --- [employee-management] [           main] o.h.c.internal.RegionFactoryInitiator    : HHH000026: Second-level cache disabled
2025-07-06T09:33:52.894+05:30  INFO 5636 --- [employee-management] [           main] o.s.o.j.p.SpringPersistenceUnitInfo      : No LoadTimeWeaver setup: ignoring JPA class transformer
2025-07-06T09:33:52.965+05:30  INFO 5636 --- [employee-management] [           main] com.zaxxer.hikari.HikariDataSource       : HikariPool-1 - Starting...
2025-07-06T09:33:53.405+05:30  INFO 5636 --- [employee-management] [           main] com.zaxxer.hikari.pool.HikariPool        : HikariPool-1 - Added connection conn0: url=jdbc:h2:mem:testdb user=SA
2025-07-06T09:33:53.409+05:30  INFO 5636 --- [employee-management] [           main] com.zaxxer.hikari.HikariDataSource       : HikariPool-1 - Start completed.
2025-07-06T09:33:55.398+05:30  INFO 5636 --- [employee-management] [           main] o.h.e.t.j.p.i.JtaPlatformInitiator       : HHH000489: No JTA platform available (set 'hibernate.transaction.jta.platform' to enable JTA platform integration)
Hibernate: create table department (id bigint generated by default as identity, name varchar(255), primary key (id))
Hibernate: create table employee (id bigint generated by default as identity, email varchar(255), name varchar(255), department_id bigint, primary key (id))
Hibernate: alter table if exists employee add constraint FKbejtwvg9bxus2mffsm3swj3u9 foreign key (department_id) references department
2025-07-06T09:33:55.545+05:30  INFO 5636 --- [employee-management] [           main] j.LocalContainerEntityManagerFactoryBean : Initialized JPA EntityManagerFactory for persistence unit 'default'
2025-07-06T09:33:56.420+05:30  WARN 5636 --- [employee-management] [           main] JpaBaseConfiguration$JpaWebConfiguration : spring.jpa.open-in-view is enabled by default. Therefore, database queries may be performed during view rendering. Explicitly configure spring.jpa.open-in-view to disable this warning
2025-07-06T09:33:57.109+05:30  INFO 5636 --- [employee-management] [           main] o.s.b.a.h2.H2ConsoleAutoConfiguration    : H2 console available at '/h2-console'. Database available at 'jdbc:h2:mem:testdb'
2025-07-06T09:33:57.228+05:30  INFO 5636 --- [employee-management] [           main] c.e.e.EmployeeManagementApplicationTests : Started EmployeeManagementApplicationTests in 8.206 seconds (process running for 10.12)
]]></system-out>
  </testcase>
</testsuite>