<?xml version="1.0" encoding="UTF-8"?>
<testsuite xmlns:xsi="http://www.w3.org/2001/XMLSchema-instance" xsi:noNamespaceSchemaLocation="https://maven.apache.org/surefire/maven-surefire-plugin/xsd/surefire-test-report-3.0.xsd" version="3.0" name="com.example.demo.CalculatorTest" time="0.22" tests="5" errors="0" skipped="0" failures="0">
  <properties>
[...]
</properties>
  <testcase name="testSquare(int, int)[1]" classname="com.example.demo.CalculatorTest" time="0.074"/>
  <testcase name="testSquare(int, int)[2]" classname="com.example.demo.CalculatorTest" time="0.002"/>
  <testcase name="testSquare(int, int)[3]" classname="com.example.demo.CalculatorTest" time="0.002"/>
  <testcase name="testSquare(int, int)[4]" classname="com.example.demo.CalculatorTest" time="0.001"/>
  <testcase name="testSquare(int, int)[5]" classname="com.example.demo.CalculatorTest" time="0.002"/>
</testsuite>